<?xml version="1.0" encoding="UTF-8"?>
<coverage generated="1750196663024" clover="3.2.0">
  <project timestamp="1750196663024" name="All files">
    <metrics statements="1" coveredstatements="1" conditionals="10" coveredconditionals="10" methods="2" coveredmethods="2" elements="13" coveredelements="13" complexity="0" loc="1" ncloc="1" packages="1" files="1" classes="1"/>
    <file name="index.ts" path="D:\workspace_study\web3-dapp-webpack\src\utils\index.ts">
      <metrics statements="1" coveredstatements="1" conditionals="10" coveredconditionals="10" methods="2" coveredmethods="2"/>
      <line num="1" count="11" type="cond" truecount="10" falsecount="0"/>
    </file>
  </project>
</coverage>
