{"D:\\workspace_study\\web3-dapp-webpack\\src\\utils\\index.ts": {"path":"D:\\workspace_study\\web3-dapp-webpack\\src\\utils\\index.ts","statementMap":{"0":{"start":{"line":1,"column":13},"end":{"line":1,"column":70}},"1":{"start":{"line":1,"column":70},"end":{"line":1,"column":184}},"2":{"start":{"line":1,"column":154},"end":{"line":1,"column":180}},"3":{"start":{"line":1,"column":210},"end":{"line":1,"column":563}},"4":{"start":{"line":1,"column":248},"end":{"line":1,"column":269}},"5":{"start":{"line":1,"column":260},"end":{"line":1,"column":269}},"6":{"start":{"line":1,"column":269},"end":{"line":1,"column":326}},"7":{"start":{"line":1,"column":311},"end":{"line":1,"column":325}},"8":{"start":{"line":1,"column":345},"end":{"line":1,"column":394}},"9":{"start":{"line":1,"column":407},"end":{"line":1,"column":440}},"10":{"start":{"line":1,"column":451},"end":{"line":1,"column":481}},"11":{"start":{"line":1,"column":495},"end":{"line":1,"column":527}},"12":{"start":{"line":1,"column":528},"end":{"line":1,"column":562}}},"fnMap":{"0":{"name":"(anonymous_0)","decl":{"start":{"line":1,"column":143},"end":{"line":1,"column":144}},"loc":{"start":{"line":1,"column":153},"end":{"line":1,"column":181}},"line":1},"1":{"name":"(anonymous_1)","decl":{"start":{"line":1,"column":210},"end":{"line":1,"column":211}},"loc":{"start":{"line":1,"column":247},"end":{"line":1,"column":563}},"line":1}},"branchMap":{"0":{"loc":{"start":{"line":1,"column":219},"end":{"line":1,"column":232}},"type":"default-arg","locations":[{"start":{"line":1,"column":231},"end":{"line":1,"column":232}}],"line":1},"1":{"loc":{"start":{"line":1,"column":233},"end":{"line":1,"column":244}},"type":"default-arg","locations":[{"start":{"line":1,"column":243},"end":{"line":1,"column":244}}],"line":1},"2":{"loc":{"start":{"line":1,"column":248},"end":{"line":1,"column":269}},"type":"if","locations":[{"start":{"line":1,"column":248},"end":{"line":1,"column":269}},{"start":{},"end":{}}],"line":1},"3":{"loc":{"start":{"line":1,"column":269},"end":{"line":1,"column":326}},"type":"if","locations":[{"start":{"line":1,"column":269},"end":{"line":1,"column":326}},{"start":{},"end":{}}],"line":1},"4":{"loc":{"start":{"line":1,"column":345},"end":{"line":1,"column":394}},"type":"cond-expr","locations":[{"start":{"line":1,"column":370},"end":{"line":1,"column":386}},{"start":{"line":1,"column":387},"end":{"line":1,"column":394}}],"line":1},"5":{"loc":{"start":{"line":1,"column":495},"end":{"line":1,"column":527}},"type":"cond-expr","locations":[{"start":{"line":1,"column":520},"end":{"line":1,"column":524}},{"start":{"line":1,"column":525},"end":{"line":1,"column":527}}],"line":1}},"s":{"0":1,"1":1,"2":11,"3":1,"4":11,"5":3,"6":8,"7":1,"8":7,"9":7,"10":7,"11":7,"12":7},"f":{"0":11,"1":11},"b":{"0":[8],"1":[8],"2":[3,8],"3":[1,7],"4":[6,1],"5":[6,1]},"inputSourceMap":{"0":"{","1":"\"","2":"v","3":"e","4":"r","5":"s","6":"i","7":"o","8":"n","9":"\"","10":":","11":"3","12":",","13":"\"","14":"s","15":"o","16":"u","17":"r","18":"c","19":"e","20":"s","21":"\"","22":":","23":"[","24":"\"","25":"D","26":":","27":"\\","28":"\\","29":"w","30":"o","31":"r","32":"k","33":"s","34":"p","35":"a","36":"c","37":"e","38":"_","39":"s","40":"t","41":"u","42":"d","43":"y","44":"\\","45":"\\","46":"w","47":"e","48":"b","49":"3","50":"-","51":"d","52":"a","53":"p","54":"p","55":"-","56":"w","57":"e","58":"b","59":"p","60":"a","61":"c","62":"k","63":"\\","64":"\\","65":"s","66":"r","67":"c","68":"\\","69":"\\","70":"u","71":"t","72":"i","73":"l","74":"s","75":"\\","76":"\\","77":"i","78":"n","79":"d","80":"e","81":"x","82":".","83":"t","84":"s","85":"\"","86":"]","87":",","88":"\"","89":"s","90":"o","91":"u","92":"r","93":"c","94":"e","95":"s","96":"C","97":"o","98":"n","99":"t","100":"e","101":"n","102":"t","103":"\"","104":":","105":"[","106":"\"","107":"e","108":"x","109":"p","110":"o","111":"r","112":"t","113":" ","114":"c","115":"o","116":"n","117":"s","118":"t","119":" ","120":"f","121":"o","122":"r","123":"m","124":"a","125":"t","126":"W","127":"a","128":"l","129":"l","130":"e","131":"t","132":"A","133":"d","134":"d","135":"r","136":"e","137":"s","138":"s","139":" ","140":"=","141":" ","142":"(","143":"\\","144":"r","145":"\\","146":"n","147":" ","148":" ","149":"a","150":"d","151":"d","152":"r","153":"e","154":"s","155":"s","156":":","157":" ","158":"s","159":"t","160":"r","161":"i","162":"n","163":"g","164":",","165":"\\","166":"r","167":"\\","168":"n","169":" ","170":" ","171":"s","172":"t","173":"a","174":"r","175":"t","176":"L","177":"e","178":"n","179":"g","180":"t","181":"h","182":":","183":" ","184":"n","185":"u","186":"m","187":"b","188":"e","189":"r","190":" ","191":"=","192":" ","193":"6","194":",","195":"\\","196":"r","197":"\\","198":"n","199":" ","200":" ","201":"e","202":"n","203":"d","204":"L","205":"e","206":"n","207":"g","208":"t","209":"h","210":":","211":" ","212":"n","213":"u","214":"m","215":"b","216":"e","217":"r","218":" ","219":"=","220":" ","221":"4","222":",","223":"\\","224":"r","225":"\\","226":"n","227":")","228":":","229":" ","230":"s","231":"t","232":"r","233":"i","234":"n","235":"g","236":" ","237":"=","238":">","239":" ","240":"{","241":"\\","242":"r","243":"\\","244":"n","245":" ","246":" ","247":"i","248":"f","249":" ","250":"(","251":"!","252":"a","253":"d","254":"d","255":"r","256":"e","257":"s","258":"s","259":")","260":" ","261":"r","262":"e","263":"t","264":"u","265":"r","266":"n","267":" ","268":"'","269":"'","270":";","271":"\\","272":"r","273":"\\","274":"n","275":"\\","276":"r","277":"\\","278":"n","279":" ","280":" ","281":"/","282":"/","283":" ","284":"检","285":"查","286":"地","287":"址","288":"长","289":"度","290":"是","291":"否","292":"足","293":"够","294":"进","295":"行","296":"格","297":"式","298":"化","299":"\\","300":"r","301":"\\","302":"n","303":" ","304":" ","305":"i","306":"f","307":" ","308":"(","309":"a","310":"d","311":"d","312":"r","313":"e","314":"s","315":"s","316":".","317":"l","318":"e","319":"n","320":"g","321":"t","322":"h","323":" ","324":"<","325":"=","326":" ","327":"s","328":"t","329":"a","330":"r","331":"t","332":"L","333":"e","334":"n","335":"g","336":"t","337":"h","338":" ","339":"+","340":" ","341":"e","342":"n","343":"d","344":"L","345":"e","346":"n","347":"g","348":"t","349":"h","350":")","351":" ","352":"{","353":"\\","354":"r","355":"\\","356":"n","357":" ","358":" ","359":" ","360":" ","361":"r","362":"e","363":"t","364":"u","365":"r","366":"n","367":" ","368":"a","369":"d","370":"d","371":"r","372":"e","373":"s","374":"s","375":";","376":"\\","377":"r","378":"\\","379":"n","380":" ","381":" ","382":"}","383":"\\","384":"r","385":"\\","386":"n","387":"\\","388":"r","389":"\\","390":"n","391":" ","392":" ","393":"/","394":"/","395":" ","396":"移","397":"除","398":"可","399":"能","400":"的","401":"前","402":"缀","403":"\\","404":"r","405":"\\","406":"n","407":" ","408":" ","409":"c","410":"o","411":"n","412":"s","413":"t","414":" ","415":"c","416":"l","417":"e","418":"a","419":"n","420":"A","421":"d","422":"d","423":"r","424":"e","425":"s","426":"s","427":" ","428":"=","429":" ","430":"a","431":"d","432":"d","433":"r","434":"e","435":"s","436":"s","437":".","438":"s","439":"t","440":"a","441":"r","442":"t","443":"s","444":"W","445":"i","446":"t","447":"h","448":"(","449":"'","450":"0","451":"x","452":"'","453":")","454":" ","455":"?","456":" ","457":"a","458":"d","459":"d","460":"r","461":"e","462":"s","463":"s","464":".","465":"s","466":"l","467":"i","468":"c","469":"e","470":"(","471":"2","472":")","473":" ","474":":","475":" ","476":"a","477":"d","478":"d","479":"r","480":"e","481":"s","482":"s","483":";","484":"\\","485":"r","486":"\\","487":"n","488":"\\","489":"r","490":"\\","491":"n","492":" ","493":" ","494":"/","495":"/","496":" ","497":"获","498":"取","499":"起","500":"始","501":"和","502":"结","503":"束","504":"部","505":"分","506":"\\","507":"r","508":"\\","509":"n","510":" ","511":" ","512":"c","513":"o","514":"n","515":"s","516":"t","517":" ","518":"s","519":"t","520":"a","521":"r","522":"t","523":" ","524":"=","525":" ","526":"c","527":"l","528":"e","529":"a","530":"n","531":"A","532":"d","533":"d","534":"r","535":"e","536":"s","537":"s","538":".","539":"s","540":"l","541":"i","542":"c","543":"e","544":"(","545":"0","546":",","547":" ","548":"s","549":"t","550":"a","551":"r","552":"t","553":"L","554":"e","555":"n","556":"g","557":"t","558":"h","559":")","560":";","561":"\\","562":"r","563":"\\","564":"n","565":" ","566":" ","567":"c","568":"o","569":"n","570":"s","571":"t","572":" ","573":"e","574":"n","575":"d","576":" ","577":"=","578":" ","579":"c","580":"l","581":"e","582":"a","583":"n","584":"A","585":"d","586":"d","587":"r","588":"e","589":"s","590":"s","591":".","592":"s","593":"l","594":"i","595":"c","596":"e","597":"(","598":"-","599":"e","600":"n","601":"d","602":"L","603":"e","604":"n","605":"g","606":"t","607":"h","608":")","609":";","610":"\\","611":"r","612":"\\","613":"n","614":"\\","615":"r","616":"\\","617":"n","618":" ","619":" ","620":"/","621":"/","622":" ","623":"如","624":"果","625":"原","626":"地","627":"址","628":"有","629":"0","630":"x","631":"前","632":"缀","633":"，","634":"添","635":"加","636":"回","637":"去","638":"\\","639":"r","640":"\\","641":"n","642":" ","643":" ","644":"c","645":"o","646":"n","647":"s","648":"t","649":" ","650":"p","651":"r","652":"e","653":"f","654":"i","655":"x","656":" ","657":"=","658":" ","659":"a","660":"d","661":"d","662":"r","663":"e","664":"s","665":"s","666":".","667":"s","668":"t","669":"a","670":"r","671":"t","672":"s","673":"W","674":"i","675":"t","676":"h","677":"(","678":"'","679":"0","680":"x","681":"'","682":")","683":" ","684":"?","685":" ","686":"'","687":"0","688":"x","689":"'","690":" ","691":":","692":" ","693":"'","694":"'","695":";","696":"\\","697":"r","698":"\\","699":"n","700":"\\","701":"r","702":"\\","703":"n","704":" ","705":" ","706":"r","707":"e","708":"t","709":"u","710":"r","711":"n","712":" ","713":"`","714":"$","715":"{","716":"p","717":"r","718":"e","719":"f","720":"i","721":"x","722":"}","723":"$","724":"{","725":"s","726":"t","727":"a","728":"r","729":"t","730":"}","731":".","732":".","733":".","734":"$","735":"{","736":"e","737":"n","738":"d","739":"}","740":"`","741":";","742":"\\","743":"r","744":"\\","745":"n","746":"}","747":";","748":"\\","749":"r","750":"\\","751":"n","752":"\"","753":"]","754":",","755":"\"","756":"n","757":"a","758":"m","759":"e","760":"s","761":"\"","762":":","763":"[","764":"\"","765":"f","766":"o","767":"r","768":"m","769":"a","770":"t","771":"W","772":"a","773":"l","774":"l","775":"e","776":"t","777":"A","778":"d","779":"d","780":"r","781":"e","782":"s","783":"s","784":"\"","785":",","786":"\"","787":"a","788":"d","789":"d","790":"r","791":"e","792":"s","793":"s","794":"\"","795":",","796":"\"","797":"s","798":"t","799":"a","800":"r","801":"t","802":"L","803":"e","804":"n","805":"g","806":"t","807":"h","808":"\"","809":",","810":"\"","811":"e","812":"n","813":"d","814":"L","815":"e","816":"n","817":"g","818":"t","819":"h","820":"\"","821":",","822":"\"","823":"l","824":"e","825":"n","826":"g","827":"t","828":"h","829":"\"","830":",","831":"\"","832":"c","833":"l","834":"e","835":"a","836":"n","837":"A","838":"d","839":"d","840":"r","841":"e","842":"s","843":"s","844":"\"","845":",","846":"\"","847":"s","848":"t","849":"a","850":"r","851":"t","852":"s","853":"W","854":"i","855":"t","856":"h","857":"\"","858":",","859":"\"","860":"s","861":"l","862":"i","863":"c","864":"e","865":"\"","866":",","867":"\"","868":"s","869":"t","870":"a","871":"r","872":"t","873":"\"","874":",","875":"\"","876":"e","877":"n","878":"d","879":"\"","880":",","881":"\"","882":"p","883":"r","884":"e","885":"f","886":"i","887":"x","888":"\"","889":"]","890":",","891":"\"","892":"m","893":"a","894":"p","895":"p","896":"i","897":"n","898":"g","899":"s","900":"\"","901":":","902":"\"","903":"o","904":"G","905":"A","906":"A","907":"a","908":"A","909":",","910":"6","911":"D","912":"A","913":"A","914":"A","915":"A","916":",","917":"u","918":"B","919":"A","920":"A","921":"N","922":",","923":"M","924":"A","925":"A","926":"M","927":"A","928":",","929":"o","930":"B","931":"A","932":"A","933":"s","934":"B","935":",","936":"C","937":"A","938":"C","939":"j","940":"C","941":"C","942":",","943":"Q","944":"A","945":"C","946":"A","947":"C","948":",","949":"Y","950":"A","951":"A","952":"s","953":"B","954":",","955":"C","956":"A","957":"A","958":"C","959":",","960":"C","961":"A","962":"C","963":"v","964":"B","965":"C","966":",","967":"U","968":"A","969":"A","970":"o","971":"B","972":",","973":"C","974":"A","975":"A","976":"C","977":",","978":"I","979":"A","980":"E","981":"r","982":"B","983":",","984":"G","985":"A","986":"A","987":"I","988":",","989":"C","990":"A","991":"A","992":"C","993":"F","994":",","995":"Q","996":"A","997":"A","998":"S","999":",","1000":"M","1001":"A","1002":"A","1003":"O","1004":",","1005":"G","1006":"A","1007":"G","1008":"r","1009":"B","1010":",","1011":"G","1012":"A","1013":"A","1014":"I","1015":"A","1016":",","1017":"Q","1018":"A","1019":"A","1020":"Q","1021":"G","1022":",","1023":"M","1024":"A","1025":"A","1026":"M","1027":",","1028":"E","1029":"A","1030":"A","1031":"I","1032":"F","1033":",","1034":"Y","1035":"A","1036":"A","1037":"c","1038":"C","1039":",","1040":"U","1041":"A","1042":"A","1043":"W","1044":",","1045":"C","1046":"A","1047":"C","1048":"7","1049":"C","1050":",","1051":"O","1052":"A","1053":"A","1054":"O","1055":"F","1056":",","1057":"O","1058":"A","1059":"C","1060":"T","1061":",","1062":"C","1063":"A","1064":"G","1065":"A","1066":",","1067":"M","1068":"A","1069":"A","1070":"M","1071":"I","1072":",","1073":"a","1074":"A","1075":"A","1076":"e","1077":"J","1078":",","1079":"Q","1080":"A","1081":"A","1082":"Q","1083":"K","1084":",","1085":"U","1086":"A","1087":"A","1088":"U","1089":",","1090":"C","1091":"A","1092":"A","1093":"C","1094":",","1095":"M","1096":"A","1097":"A","1098":"Q","1099":"L","1100":",","1101":"Q","1102":"A","1103":"A","1104":"Q","1105":"M","1106":",","1107":"K","1108":"A","1109":"A","1110":"K","1111":",","1112":"C","1113":"A","1114":"A","1115":"C","1116":",","1117":"G","1118":"A","1119":"A","1120":"K","1121":"N","1122":",","1123":"Q","1124":"A","1125":"G","1126":"n","1127":"E","1128":",","1129":"M","1130":"A","1131":"A","1132":"M","1133":"O","1134":",","1135":"M","1136":"A","1137":"A","1138":"Q","1139":"H","1140":",","1141":"a","1142":"A","1143":"A","1144":"a","1145":"E","1146":",","1147":"K","1148":"A","1149":"A","1150":"K","1151":",","1152":"C","1153":"A","1154":"A","1155":"C","1156":",","1157":"E","1158":"A","1159":"A","1160":"G","1161":"L","1162":",","1163":"a","1164":"A","1165":"C","1166":"p","1167":"C","1168":",","1169":"M","1170":"A","1171":"A","1172":"M","1173":"O","1174":",","1175":"I","1176":"A","1177":"A","1178":"M","1179":"J","1180":",","1181":"a","1182":"A","1183":"A","1184":"a","1185":"E","1186":",","1187":"K","1188":"A","1189":"A","1190":"K","1191":",","1192":"C","1193":"A","1194":"A","1195":"C","1196":",","1197":"C","1198":"A","1199":"A","1200":"C","1201":"J","1202":",","1203":"W","1204":"A","1205":"G","1206":"h","1207":"C","1208":",","1209":"M","1210":"A","1211":"A","1212":"M","1213":"O","1214":",","1215":"O","1216":"A","1217":"A","1218":"S","1219":"T","1220":",","1221":"Q","1222":"A","1223":"A","1224":"Q","1225":"K","1226":",","1227":"U","1228":"A","1229":"A","1230":"U","1231":",","1232":"C","1233":"A","1234":"A","1235":"C","1236":",","1237":"M","1238":"A","1239":"A","1240":"Q","1241":",","1242":"K","1243":"A","1244":"A","1245":"O","1246":",","1247":"G","1248":"A","1249":"E","1250":"j","1251":"D","1252":",","1253":"M","1254":"A","1255":"A","1256":"O","1257":",","1258":"C","1259":"A","1260":"A","1261":"C","1262":",","1263":"E","1264":"A","1265":"A","1266":"E","1267":"I","1268":",","1269":"O","1270":"A","1271":"A","1272":"O","1273":",","1274":"E","1275":"A","1276":"A","1277":"E","1278":"F","1279":",","1280":"M","1281":"A","1282":"A","1283":"M","1284":",","1285":"G","1286":"A","1287":"A","1288":"G","1289":",","1290":"E","1291":"A","1292":"A","1293":"E","1294":"C","1295":",","1296":"I","1297":"A","1298":"A","1299":"I","1300":",","1301":"C","1302":"A","1303":"A","1304":"C","1305":",","1306":"A","1307":"A","1308":"C","1309":"r","1310":"C","1311":"\"","1312":"}"},"_coverageSchema":"1a1c01bbd47fc00a2c39e90264f33305004495a9","hash":"9dc4250dfa4c9caeb561ff292f16fcb2ea3ddfe9"}
}
