{
  "numFailedTestSuites": 1,
  "numFailedTests": 3,
  "numPassedTestSuites": 1,
  "numPassedTests": 7,
  "numPendingTestSuites": 0,
  "numPendingTests": 0,
  "numRuntimeErrorTestSuites": 0,
  "numTodoTests": 0,
  "numTotalTestSuites": 2,
  "numTotalTests": 10,
  "openHandles": [],
  "snapshot": {
    "added": 0,
    "didUpdate": false,
    "failure": false,
    "filesAdded": 0,
    "filesRemoved": 0,
    "filesRemovedList": [],
    "filesUnmatched": 0,
    "filesUpdated": 0,
    "matched": 0,
    "total": 0,
    "unchecked": 0,
    "uncheckedKeysByFile": [],
    "unmatched": 0,
    "updated": 0
  },
  "startTime": 1750196662263,
  "success": false,
  "testResults": [
    {
      "leaks": false,
      "numFailingTests": 3,
      "numPassingTests": 6,
      "numPendingTests": 0,
      "numTodoTests": 0,
      "openHandles": [],
      "perfStats": {
        "end": 1750196662834,
        "loadTestEnvironmentEnd": 1750196662373,
        "loadTestEnvironmentStart": 1750196662323,
        "runtime": 460,
        "setupAfterEnvEnd": 1750196662566,
        "setupAfterEnvStart": 1750196662561,
        "setupFilesEnd": 1750196662374,
        "setupFilesStart": 1750196662374,
        "slow": false,
        "start": 1750196662374
      },
      "skipped": false,
      "snapshot": {
        "added": 0,
        "fileDeleted": false,
        "matched": 0,
        "unchecked": 0,
        "uncheckedKeys": [],
        "unmatched": 0,
        "updated": 0
      },
      "testFilePath": "D:\\workspace_study\\web3-dapp-webpack\\tests\\unit\\address.spec.ts",
      "testResults": [
        {
          "ancestorTitles": [
            "formatWalletAddress"
          ],
          "duration": 225,
          "failing": false,
          "failureDetails": [],
          "failureMessages": [],
          "fullName": "formatWalletAddress formats normal ethereum address correctly",
          "invocations": 1,
          "location": null,
          "numPassingAsserts": 1,
          "retryReasons": [],
          "startAt": 1750196662583,
          "status": "passed",
          "title": "formats normal ethereum address correctly"
        },
        {
          "ancestorTitles": [
            "formatWalletAddress"
          ],
          "duration": 0,
          "failing": false,
          "failureDetails": [],
          "failureMessages": [],
          "fullName": "formatWalletAddress formats address without 0x prefix correctly",
          "invocations": 1,
          "location": null,
          "numPassingAsserts": 1,
          "retryReasons": [],
          "startAt": 1750196662809,
          "status": "passed",
          "title": "formats address without 0x prefix correctly"
        },
        {
          "ancestorTitles": [
            "formatWalletAddress"
          ],
          "duration": 0,
          "failing": false,
          "failureDetails": [],
          "failureMessages": [],
          "fullName": "formatWalletAddress formats with custom lengths correctly",
          "invocations": 1,
          "location": null,
          "numPassingAsserts": 1,
          "retryReasons": [],
          "startAt": 1750196662810,
          "status": "passed",
          "title": "formats with custom lengths correctly"
        },
        {
          "ancestorTitles": [
            "formatWalletAddress"
          ],
          "duration": 0,
          "failing": false,
          "failureDetails": [],
          "failureMessages": [],
          "fullName": "formatWalletAddress handles empty address",
          "invocations": 1,
          "location": null,
          "numPassingAsserts": 1,
          "retryReasons": [],
          "startAt": 1750196662811,
          "status": "passed",
          "title": "handles empty address"
        },
        {
          "ancestorTitles": [
            "formatWalletAddress"
          ],
          "duration": 1,
          "failing": false,
          "failureDetails": [],
          "failureMessages": [],
          "fullName": "formatWalletAddress returns original address if too short",
          "invocations": 1,
          "location": null,
          "numPassingAsserts": 1,
          "retryReasons": [],
          "startAt": 1750196662811,
          "status": "passed",
          "title": "returns original address if too short"
        },
        {
          "ancestorTitles": [
            "formatWalletAddress"
          ],
          "duration": 2,
          "failing": false,
          "failureDetails": [
            {
              "matcherResult": {
                "actual": "0x123456...1234",
                "expected": "0x12345678901234",
                "message": "\u001b[2mexpect(\u001b[22m\u001b[31mreceived\u001b[39m\u001b[2m).\u001b[22mtoBe\u001b[2m(\u001b[22m\u001b[32mexpected\u001b[39m\u001b[2m) // Object.is equality\u001b[22m\n\nExpected: \u001b[32m\"0x123456\u001b[7m7890\u001b[27m1234\"\u001b[39m\nReceived: \u001b[31m\"0x123456\u001b[7m...\u001b[27m1234\"\u001b[39m",
                "name": "toBe",
                "pass": false
              }
            }
          ],
          "failureMessages": [
            "Error: \u001b[2mexpect(\u001b[22m\u001b[31mreceived\u001b[39m\u001b[2m).\u001b[22mtoBe\u001b[2m(\u001b[22m\u001b[32mexpected\u001b[39m\u001b[2m) // Object.is equality\u001b[22m\n\nExpected: \u001b[32m\"0x123456\u001b[7m7890\u001b[27m1234\"\u001b[39m\nReceived: \u001b[31m\"0x123456\u001b[7m...\u001b[27m1234\"\u001b[39m\n    at Object.result (D:\\workspace_study\\web3-dapp-webpack\\tests\\unit\\address.spec.ts:41:11)\n    at Promise.finally.completed (D:\\workspace_study\\web3-dapp-webpack\\node_modules\\.pnpm\\jest-circus@30.0.0\\node_modules\\jest-circus\\build\\jestAdapterInit.js:1559:28)\n    at new Promise (<anonymous>)\n    at callAsyncCircusFn (D:\\workspace_study\\web3-dapp-webpack\\node_modules\\.pnpm\\jest-circus@30.0.0\\node_modules\\jest-circus\\build\\jestAdapterInit.js:1499:10)\n    at _callCircusTest (D:\\workspace_study\\web3-dapp-webpack\\node_modules\\.pnpm\\jest-circus@30.0.0\\node_modules\\jest-circus\\build\\jestAdapterInit.js:1009:40)\n    at processTicksAndRejections (node:internal/process/task_queues:95:5)\n    at _runTest (D:\\workspace_study\\web3-dapp-webpack\\node_modules\\.pnpm\\jest-circus@30.0.0\\node_modules\\jest-circus\\build\\jestAdapterInit.js:949:3)\n    at _runTestsForDescribeBlock (D:\\workspace_study\\web3-dapp-webpack\\node_modules\\.pnpm\\jest-circus@30.0.0\\node_modules\\jest-circus\\build\\jestAdapterInit.js:839:13)\n    at _runTestsForDescribeBlock (D:\\workspace_study\\web3-dapp-webpack\\node_modules\\.pnpm\\jest-circus@30.0.0\\node_modules\\jest-circus\\build\\jestAdapterInit.js:829:11)\n    at run (D:\\workspace_study\\web3-dapp-webpack\\node_modules\\.pnpm\\jest-circus@30.0.0\\node_modules\\jest-circus\\build\\jestAdapterInit.js:757:3)\n    at runAndTransformResultsToJestFormat (D:\\workspace_study\\web3-dapp-webpack\\node_modules\\.pnpm\\jest-circus@30.0.0\\node_modules\\jest-circus\\build\\jestAdapterInit.js:1920:21)\n    at jestAdapter (D:\\workspace_study\\web3-dapp-webpack\\node_modules\\.pnpm\\jest-circus@30.0.0\\node_modules\\jest-circus\\build\\runner.js:101:19)\n    at runTestInternal (D:\\workspace_study\\web3-dapp-webpack\\node_modules\\.pnpm\\jest-runner@30.0.0\\node_modules\\jest-runner\\build\\index.js:272:16)\n    at runTest (D:\\workspace_study\\web3-dapp-webpack\\node_modules\\.pnpm\\jest-runner@30.0.0\\node_modules\\jest-runner\\build\\index.js:340:7)"
          ],
          "fullName": "formatWalletAddress handles address equal to start + end length",
          "invocations": 1,
          "location": null,
          "numPassingAsserts": 0,
          "retryReasons": [],
          "startAt": 1750196662812,
          "status": "failed",
          "title": "handles address equal to start + end length"
        },
        {
          "ancestorTitles": [
            "formatWalletAddress"
          ],
          "duration": 1,
          "failing": false,
          "failureDetails": [
            {
              "matcherResult": {
                "actual": "0x123456789a...3456789a",
                "expected": "0x123456789a...456789a",
                "message": "\u001b[2mexpect(\u001b[22m\u001b[31mreceived\u001b[39m\u001b[2m).\u001b[22mtoBe\u001b[2m(\u001b[22m\u001b[32mexpected\u001b[39m\u001b[2m) // Object.is equality\u001b[22m\n\nExpected: \u001b[32m\"0x123456789a...456789a\"\u001b[39m\nReceived: \u001b[31m\"0x123456789a...\u001b[7m3\u001b[27m456789a\"\u001b[39m",
                "name": "toBe",
                "pass": false
              }
            }
          ],
          "failureMessages": [
            "Error: \u001b[2mexpect(\u001b[22m\u001b[31mreceived\u001b[39m\u001b[2m).\u001b[22mtoBe\u001b[2m(\u001b[22m\u001b[32mexpected\u001b[39m\u001b[2m) // Object.is equality\u001b[22m\n\nExpected: \u001b[32m\"0x123456789a...456789a\"\u001b[39m\nReceived: \u001b[31m\"0x123456789a...\u001b[7m3\u001b[27m456789a\"\u001b[39m\n    at Object.<anonymous> (D:\\workspace_study\\web3-dapp-webpack\\tests\\unit\\address.spec.ts:50:53)\n    at Promise.finally.completed (D:\\workspace_study\\web3-dapp-webpack\\node_modules\\.pnpm\\jest-circus@30.0.0\\node_modules\\jest-circus\\build\\jestAdapterInit.js:1559:28)\n    at new Promise (<anonymous>)\n    at callAsyncCircusFn (D:\\workspace_study\\web3-dapp-webpack\\node_modules\\.pnpm\\jest-circus@30.0.0\\node_modules\\jest-circus\\build\\jestAdapterInit.js:1499:10)\n    at _callCircusTest (D:\\workspace_study\\web3-dapp-webpack\\node_modules\\.pnpm\\jest-circus@30.0.0\\node_modules\\jest-circus\\build\\jestAdapterInit.js:1009:40)\n    at processTicksAndRejections (node:internal/process/task_queues:95:5)\n    at _runTest (D:\\workspace_study\\web3-dapp-webpack\\node_modules\\.pnpm\\jest-circus@30.0.0\\node_modules\\jest-circus\\build\\jestAdapterInit.js:949:3)\n    at _runTestsForDescribeBlock (D:\\workspace_study\\web3-dapp-webpack\\node_modules\\.pnpm\\jest-circus@30.0.0\\node_modules\\jest-circus\\build\\jestAdapterInit.js:839:13)\n    at _runTestsForDescribeBlock (D:\\workspace_study\\web3-dapp-webpack\\node_modules\\.pnpm\\jest-circus@30.0.0\\node_modules\\jest-circus\\build\\jestAdapterInit.js:829:11)\n    at run (D:\\workspace_study\\web3-dapp-webpack\\node_modules\\.pnpm\\jest-circus@30.0.0\\node_modules\\jest-circus\\build\\jestAdapterInit.js:757:3)\n    at runAndTransformResultsToJestFormat (D:\\workspace_study\\web3-dapp-webpack\\node_modules\\.pnpm\\jest-circus@30.0.0\\node_modules\\jest-circus\\build\\jestAdapterInit.js:1920:21)\n    at jestAdapter (D:\\workspace_study\\web3-dapp-webpack\\node_modules\\.pnpm\\jest-circus@30.0.0\\node_modules\\jest-circus\\build\\runner.js:101:19)\n    at runTestInternal (D:\\workspace_study\\web3-dapp-webpack\\node_modules\\.pnpm\\jest-runner@30.0.0\\node_modules\\jest-runner\\build\\index.js:272:16)\n    at runTest (D:\\workspace_study\\web3-dapp-webpack\\node_modules\\.pnpm\\jest-runner@30.0.0\\node_modules\\jest-runner\\build\\index.js:340:7)"
          ],
          "fullName": "formatWalletAddress handles various start and end length combinations",
          "invocations": 1,
          "location": null,
          "numPassingAsserts": 1,
          "retryReasons": [],
          "startAt": 1750196662818,
          "status": "failed",
          "title": "handles various start and end length combinations"
        },
        {
          "ancestorTitles": [
            "formatWalletAddress"
          ],
          "duration": 0,
          "failing": false,
          "failureDetails": [],
          "failureMessages": [],
          "fullName": "formatWalletAddress handles null or undefined address",
          "invocations": 1,
          "location": null,
          "numPassingAsserts": 2,
          "retryReasons": [],
          "startAt": 1750196662820,
          "status": "passed",
          "title": "handles null or undefined address"
        },
        {
          "ancestorTitles": [
            "formatWalletAddress"
          ],
          "duration": 0,
          "failing": false,
          "failureDetails": [
            {
              "matcherResult": {
                "actual": "0x123456...7890",
                "expected": "0x1234567890",
                "message": "\u001b[2mexpect(\u001b[22m\u001b[31mreceived\u001b[39m\u001b[2m).\u001b[22mtoBe\u001b[2m(\u001b[22m\u001b[32mexpected\u001b[39m\u001b[2m) // Object.is equality\u001b[22m\n\nExpected: \u001b[32m\"0x1234567890\"\u001b[39m\nReceived: \u001b[31m\"0x123456\u001b[7m...\u001b[27m7890\"\u001b[39m",
                "name": "toBe",
                "pass": false
              }
            }
          ],
          "failureMessages": [
            "Error: \u001b[2mexpect(\u001b[22m\u001b[31mreceived\u001b[39m\u001b[2m).\u001b[22mtoBe\u001b[2m(\u001b[22m\u001b[32mexpected\u001b[39m\u001b[2m) // Object.is equality\u001b[22m\n\nExpected: \u001b[32m\"0x1234567890\"\u001b[39m\nReceived: \u001b[31m\"0x123456\u001b[7m...\u001b[27m7890\"\u001b[39m\n    at Object.repeat (D:\\workspace_study\\web3-dapp-webpack\\tests\\unit\\address.spec.ts:70:36)\n    at Promise.finally.completed (D:\\workspace_study\\web3-dapp-webpack\\node_modules\\.pnpm\\jest-circus@30.0.0\\node_modules\\jest-circus\\build\\jestAdapterInit.js:1559:28)\n    at new Promise (<anonymous>)\n    at callAsyncCircusFn (D:\\workspace_study\\web3-dapp-webpack\\node_modules\\.pnpm\\jest-circus@30.0.0\\node_modules\\jest-circus\\build\\jestAdapterInit.js:1499:10)\n    at _callCircusTest (D:\\workspace_study\\web3-dapp-webpack\\node_modules\\.pnpm\\jest-circus@30.0.0\\node_modules\\jest-circus\\build\\jestAdapterInit.js:1009:40)\n    at processTicksAndRejections (node:internal/process/task_queues:95:5)\n    at _runTest (D:\\workspace_study\\web3-dapp-webpack\\node_modules\\.pnpm\\jest-circus@30.0.0\\node_modules\\jest-circus\\build\\jestAdapterInit.js:949:3)\n    at _runTestsForDescribeBlock (D:\\workspace_study\\web3-dapp-webpack\\node_modules\\.pnpm\\jest-circus@30.0.0\\node_modules\\jest-circus\\build\\jestAdapterInit.js:839:13)\n    at _runTestsForDescribeBlock (D:\\workspace_study\\web3-dapp-webpack\\node_modules\\.pnpm\\jest-circus@30.0.0\\node_modules\\jest-circus\\build\\jestAdapterInit.js:829:11)\n    at run (D:\\workspace_study\\web3-dapp-webpack\\node_modules\\.pnpm\\jest-circus@30.0.0\\node_modules\\jest-circus\\build\\jestAdapterInit.js:757:3)\n    at runAndTransformResultsToJestFormat (D:\\workspace_study\\web3-dapp-webpack\\node_modules\\.pnpm\\jest-circus@30.0.0\\node_modules\\jest-circus\\build\\jestAdapterInit.js:1920:21)\n    at jestAdapter (D:\\workspace_study\\web3-dapp-webpack\\node_modules\\.pnpm\\jest-circus@30.0.0\\node_modules\\jest-circus\\build\\runner.js:101:19)\n    at runTestInternal (D:\\workspace_study\\web3-dapp-webpack\\node_modules\\.pnpm\\jest-runner@30.0.0\\node_modules\\jest-runner\\build\\index.js:272:16)\n    at runTest (D:\\workspace_study\\web3-dapp-webpack\\node_modules\\.pnpm\\jest-runner@30.0.0\\node_modules\\jest-runner\\build\\index.js:340:7)"
          ],
          "fullName": "formatWalletAddress handles non-standard length addresses",
          "invocations": 1,
          "location": null,
          "numPassingAsserts": 0,
          "retryReasons": [],
          "startAt": 1750196662821,
          "status": "failed",
          "title": "handles non-standard length addresses"
        }
      ],
      "failureMessage": "\u001b[1m\u001b[31m  \u001b[1m● \u001b[22m\u001b[1mformatWalletAddress › handles address equal to start + end length\u001b[39m\u001b[22m\n\n    \u001b[2mexpect(\u001b[22m\u001b[31mreceived\u001b[39m\u001b[2m).\u001b[22mtoBe\u001b[2m(\u001b[22m\u001b[32mexpected\u001b[39m\u001b[2m) // Object.is equality\u001b[22m\n\n    Expected: \u001b[32m\"0x123456\u001b[7m7890\u001b[27m1234\"\u001b[39m\n    Received: \u001b[31m\"0x123456\u001b[7m...\u001b[27m1234\"\u001b[39m\n\u001b[2m\u001b[22m\n\u001b[2m    \u001b[0m \u001b[90m 39 |\u001b[39m   test(\u001b[32m'handles address equal to start + end length'\u001b[39m\u001b[33m,\u001b[39m () \u001b[33m=>\u001b[39m {\u001b[22m\n\u001b[2m     \u001b[90m 40 |\u001b[39m     \u001b[36mconst\u001b[39m address \u001b[33m=\u001b[39m \u001b[32m'0x12345678901234'\u001b[39m\u001b[33m;\u001b[39m \u001b[90m// 6 + 4 = 10 characters (不包含0x)\u001b[39m\u001b[22m\n\u001b[2m    \u001b[31m\u001b[1m>\u001b[22m\u001b[2m\u001b[39m\u001b[90m 41 |\u001b[39m     \u001b[36mconst\u001b[39m result \u001b[33m=\u001b[39m formatWalletAddress(address)\u001b[33m;\u001b[39m\u001b[22m\n\u001b[2m     \u001b[90m    |\u001b[39m           \u001b[31m\u001b[1m^\u001b[22m\u001b[2m\u001b[39m\u001b[22m\n\u001b[2m     \u001b[90m 42 |\u001b[39m     expect(result)\u001b[33m.\u001b[39mtoBe(\u001b[32m'0x12345678901234'\u001b[39m)\u001b[33m;\u001b[39m\u001b[22m\n\u001b[2m     \u001b[90m 43 |\u001b[39m   })\u001b[33m;\u001b[39m\u001b[22m\n\u001b[2m     \u001b[90m 44 |\u001b[39m\u001b[0m\u001b[22m\n\u001b[2m\u001b[22m\n\u001b[2m      \u001b[2mat Object.result (\u001b[22m\u001b[2m\u001b[0m\u001b[36mtests/unit/address.spec.ts\u001b[39m\u001b[0m\u001b[2m:41:11)\u001b[22m\u001b[2m\u001b[22m\n\n\u001b[1m\u001b[31m  \u001b[1m● \u001b[22m\u001b[1mformatWalletAddress › handles various start and end length combinations\u001b[39m\u001b[22m\n\n    \u001b[2mexpect(\u001b[22m\u001b[31mreceived\u001b[39m\u001b[2m).\u001b[22mtoBe\u001b[2m(\u001b[22m\u001b[32mexpected\u001b[39m\u001b[2m) // Object.is equality\u001b[22m\n\n    Expected: \u001b[32m\"0x123456789a...456789a\"\u001b[39m\n    Received: \u001b[31m\"0x123456789a...\u001b[7m3\u001b[27m456789a\"\u001b[39m\n\u001b[2m\u001b[22m\n\u001b[2m    \u001b[0m \u001b[90m 48 |\u001b[39m\u001b[22m\n\u001b[2m     \u001b[90m 49 |\u001b[39m     \u001b[90m// 测试更短的长度\u001b[39m\u001b[22m\n\u001b[2m    \u001b[31m\u001b[1m>\u001b[22m\u001b[2m\u001b[39m\u001b[90m 50 |\u001b[39m     expect(formatWalletAddress(address\u001b[33m,\u001b[39m \u001b[35m4\u001b[39m\u001b[33m,\u001b[39m \u001b[35m2\u001b[39m))\u001b[33m.\u001b[39mtoBe(\u001b[32m'0x1234...9a'\u001b[39m)\u001b[33m;\u001b[39m\u001b[22m\n\u001b[2m     \u001b[90m    |\u001b[39m                                                     \u001b[31m\u001b[1m^\u001b[22m\u001b[2m\u001b[39m\u001b[22m\n\u001b[2m     \u001b[90m 51 |\u001b[39m\u001b[22m\n\u001b[2m     \u001b[90m 52 |\u001b[39m     \u001b[90m// 测试更长的长度\u001b[39m\u001b[22m\n\u001b[2m     \u001b[90m 53 |\u001b[39m     expect(formatWalletAddress(address\u001b[33m,\u001b[39m \u001b[35m10\u001b[39m\u001b[33m,\u001b[39m \u001b[35m8\u001b[39m))\u001b[33m.\u001b[39mtoBe(\u001b[32m'0x123456789a...456789a'\u001b[39m)\u001b[33m;\u001b[39m\u001b[0m\u001b[22m\n\u001b[2m\u001b[22m\n\u001b[2m      \u001b[2mat Object.<anonymous> (\u001b[22m\u001b[2m\u001b[0m\u001b[36mtests/unit/address.spec.ts\u001b[39m\u001b[0m\u001b[2m:50:53)\u001b[22m\u001b[2m\u001b[22m\n\n\u001b[1m\u001b[31m  \u001b[1m● \u001b[22m\u001b[1mformatWalletAddress › handles non-standard length addresses\u001b[39m\u001b[22m\n\n    \u001b[2mexpect(\u001b[22m\u001b[31mreceived\u001b[39m\u001b[2m).\u001b[22mtoBe\u001b[2m(\u001b[22m\u001b[32mexpected\u001b[39m\u001b[2m) // Object.is equality\u001b[22m\n\n    Expected: \u001b[32m\"0x1234567890\"\u001b[39m\n    Received: \u001b[31m\"0x123456\u001b[7m...\u001b[27m7890\"\u001b[39m\n\u001b[2m\u001b[22m\n\u001b[2m    \u001b[0m \u001b[90m 68 |\u001b[39m   test(\u001b[32m'handles non-standard length addresses'\u001b[39m\u001b[33m,\u001b[39m () \u001b[33m=>\u001b[39m {\u001b[22m\n\u001b[2m     \u001b[90m 69 |\u001b[39m     \u001b[36mconst\u001b[39m shortAddress \u001b[33m=\u001b[39m \u001b[32m'0x1234567890'\u001b[39m\u001b[33m;\u001b[39m\u001b[22m\n\u001b[2m    \u001b[31m\u001b[1m>\u001b[22m\u001b[2m\u001b[39m\u001b[90m 70 |\u001b[39m     \u001b[36mconst\u001b[39m longAddress \u001b[33m=\u001b[39m \u001b[32m'0x'\u001b[39m \u001b[33m+\u001b[39m \u001b[32m'1'\u001b[39m\u001b[33m.\u001b[39mrepeat(\u001b[35m100\u001b[39m)\u001b[33m;\u001b[39m\u001b[22m\n\u001b[2m     \u001b[90m    |\u001b[39m                                    \u001b[31m\u001b[1m^\u001b[22m\u001b[2m\u001b[39m\u001b[22m\n\u001b[2m     \u001b[90m 71 |\u001b[39m\u001b[22m\n\u001b[2m     \u001b[90m 72 |\u001b[39m     \u001b[90m// 短地址应该返回原值\u001b[39m\u001b[22m\n\u001b[2m     \u001b[90m 73 |\u001b[39m     expect(formatWalletAddress(shortAddress))\u001b[33m.\u001b[39mtoBe(shortAddress)\u001b[33m;\u001b[39m\u001b[0m\u001b[22m\n\u001b[2m\u001b[22m\n\u001b[2m      \u001b[2mat Object.repeat (\u001b[22m\u001b[2m\u001b[0m\u001b[36mtests/unit/address.spec.ts\u001b[39m\u001b[0m\u001b[2m:70:36)\u001b[22m\u001b[2m\u001b[22m\n"
    },
    {
      "leaks": false,
      "numFailingTests": 0,
      "numPassingTests": 1,
      "numPendingTests": 0,
      "numTodoTests": 0,
      "openHandles": [],
      "perfStats": {
        "end": 1750196662944,
        "loadTestEnvironmentEnd": 1750196662861,
        "loadTestEnvironmentStart": 1750196662851,
        "runtime": 83,
        "setupAfterEnvEnd": 1750196662939,
        "setupAfterEnvStart": 1750196662938,
        "setupFilesEnd": 1750196662861,
        "setupFilesStart": 1750196662861,
        "slow": false,
        "start": 1750196662861
      },
      "skipped": false,
      "snapshot": {
        "added": 0,
        "fileDeleted": false,
        "matched": 0,
        "unchecked": 0,
        "uncheckedKeys": [],
        "unmatched": 0,
        "updated": 0
      },
      "testFilePath": "D:\\workspace_study\\web3-dapp-webpack\\tests\\unit\\index.spec.ts",
      "testResults": [
        {
          "ancestorTitles": [
            "综合性的测试"
          ],
          "duration": 1,
          "failing": false,
          "failureDetails": [],
          "failureMessages": [],
          "fullName": "综合性的测试 简单的测试",
          "invocations": 1,
          "location": null,
          "numPassingAsserts": 1,
          "retryReasons": [],
          "startAt": 1750196662941,
          "status": "passed",
          "title": "简单的测试"
        }
      ],
      "failureMessage": null
    }
  ],
  "wasInterrupted": false
}